<?xml version="1.0" encoding="UTF-8" ?>
<testsuite tests="1" failures="0" name="com.online.college.service.AppTest" time="0.004" errors="0" skipped="0">
  <properties>
    <property name="java.runtime.name" value="Java(TM) SE Runtime Environment"/>
    <property name="sun.boot.library.path" value="C:\InstalledSoftWare\jdk\jre\bin"/>
    <property name="java.vm.version" value="25.161-b12"/>
    <property name="java.vm.vendor" value="Oracle Corporation"/>
    <property name="maven.multiModuleProjectDirectory" value="C:\MyWorkSpace\ocProject_v407\ocProject"/>
    <property name="java.vendor.url" value="http://java.oracle.com/"/>
    <property name="path.separator" value=";"/>
    <property name="guice.disable.misplaced.annotation.check" value="true"/>
    <property name="java.vm.name" value="Java HotSpot(TM) 64-Bit Server VM"/>
    <property name="file.encoding.pkg" value="sun.io"/>
    <property name="user.script" value=""/>
    <property name="user.country" value="CN"/>
    <property name="sun.java.launcher" value="SUN_STANDARD"/>
    <property name="sun.os.patch.level" value=""/>
    <property name="java.vm.specification.name" value="Java Virtual Machine Specification"/>
    <property name="user.dir" value="C:\MyWorkSpace\ocProject_v407\ocProject"/>
    <property name="java.runtime.version" value="1.8.0_161-b12"/>
    <property name="java.awt.graphicsenv" value="sun.awt.Win32GraphicsEnvironment"/>
    <property name="java.endorsed.dirs" value="C:\InstalledSoftWare\jdk\jre\lib\endorsed"/>
    <property name="os.arch" value="amd64"/>
    <property name="java.io.tmpdir" value="C:\Users\11442\AppData\Local\Temp\"/>
    <property name="line.separator" value="
"/>
    <property name="java.vm.specification.vendor" value="Oracle Corporation"/>
    <property name="user.variant" value=""/>
    <property name="os.name" value="Windows 10"/>
    <property name="classworlds.conf" value="C:\eclipse workspace\.metadata\.plugins\org.eclipse.m2e.launching\launches\m2conf1738851644211370969.tmp"/>
    <property name="sun.jnu.encoding" value="GBK"/>
    <property name="java.library.path" value="C:\InstalledSoftWare\jdk\bin;C:\WINDOWS\Sun\Java\bin;C:\WINDOWS\system32;C:\WINDOWS;C:/InstalledSoftWare/jdk/bin/../jre/bin/server;C:/InstalledSoftWare/jdk/bin/../jre/bin;C:/InstalledSoftWare/jdk/bin/../jre/lib/amd64;C:\InstalledSoftWare\jdk\bin;C:\InstalledSoftWare\jdk\jre\bin;C:\InstalledSoftWare\apache-maven-3.5.2\bin;C:\WINDOWS\system32;C:\WINDOWS;C:\WINDOWS\System32\Wbem;C:\WINDOWS\System32\WindowsPowerShell\v1.0\;C:\InstalledSoftWare\apache-tomcat-8.5.27\bin;C:\InstalledSoftWare\apache-maven-3.5.2\bin;C:\Program Files\Git\cmd;C:\InstalledSoftWare\mysql-5.7.11-winx64\mysql-5.7.11-winx64\bin;;C:\WINDOWS\System32\OpenSSH\;C:\Program Files\nodejs\;C:\Users\11442\AppData\Local\Microsoft\WindowsApps;C:\InstalledSoftWare\Redis-x64-3.2.100;C:\Users\11442\AppData\Roaming\npm;C:\InstalledSoftWare\eclipseNeon3\eclipse;;."/>
    <property name="java.specification.name" value="Java Platform API Specification"/>
    <property name="java.class.version" value="52.0"/>
    <property name="sun.management.compiler" value="HotSpot 64-Bit Tiered Compilers"/>
    <property name="os.version" value="10.0"/>
    <property name="user.home" value="C:\Users\11442"/>
    <property name="user.timezone" value="Asia/Shanghai"/>
    <property name="java.awt.printerjob" value="sun.awt.windows.WPrinterJob"/>
    <property name="java.specification.version" value="1.8"/>
    <property name="file.encoding" value="GBK"/>
    <property name="user.name" value="11442"/>
    <property name="java.class.path" value="/C:/InstalledSoftWare/eclipseNeon3/eclipse/plugins/org.eclipse.m2e.maven.runtime_1.7.0.20160603-1931/jars/plexus-classworlds-2.5.2.jar"/>
    <property name="java.vm.specification.version" value="1.8"/>
    <property name="sun.arch.data.model" value="64"/>
    <property name="java.home" value="C:\InstalledSoftWare\jdk\jre"/>
    <property name="sun.java.command" value="org.codehaus.plexus.classworlds.launcher.Launcher -B install"/>
    <property name="java.specification.vendor" value="Oracle Corporation"/>
    <property name="user.language" value="zh"/>
    <property name="awt.toolkit" value="sun.awt.windows.WToolkit"/>
    <property name="java.vm.info" value="mixed mode"/>
    <property name="java.version" value="1.8.0_161"/>
    <property name="java.ext.dirs" value="C:\InstalledSoftWare\jdk\jre\lib\ext;C:\WINDOWS\Sun\Java\lib\ext"/>
    <property name="sun.boot.class.path" value="C:\InstalledSoftWare\jdk\jre\lib\resources.jar;C:\InstalledSoftWare\jdk\jre\lib\rt.jar;C:\InstalledSoftWare\jdk\jre\lib\sunrsasign.jar;C:\InstalledSoftWare\jdk\jre\lib\jsse.jar;C:\InstalledSoftWare\jdk\jre\lib\jce.jar;C:\InstalledSoftWare\jdk\jre\lib\charsets.jar;C:\InstalledSoftWare\jdk\jre\lib\jfr.jar;C:\InstalledSoftWare\jdk\jre\classes"/>
    <property name="java.vendor" value="Oracle Corporation"/>
    <property name="maven.home" value="C:\MyWorkSpace\ocProject_v407\ocProject\EMBEDDED"/>
    <property name="file.separator" value="\"/>
    <property name="java.vendor.url.bug" value="http://bugreport.sun.com/bugreport/"/>
    <property name="sun.cpu.endian" value="little"/>
    <property name="sun.io.unicode.encoding" value="UnicodeLittle"/>
    <property name="sun.desktop" value="windows"/>
    <property name="sun.cpu.isalist" value="amd64"/>
  </properties>
  <testcase classname="com.online.college.service.AppTest" name="testApp" time="0.004"/>
</testsuite>